<?xml version="1.0" encoding="UTF-8"?>
<!-- Generated by org.testng.reporters.JUnitReportReporter -->
<testsuite skipped="0" hostname="DESKTOP-27L8JE7" name="com.project.April6PMMavenBuild.TNG_002" tests="2" failures="0" timestamp="24 Apr 2021 12:46:39 GMT" time="81.824" errors="0">
  <testcase name="amazon" time="25.401" classname="com.project.April6PMMavenBuild.TNG_002"/>
  <testcase name="amazon" time="56.423" classname="com.project.April6PMMavenBuild.TNG_002"/>
</testsuite> <!-- com.project.April6PMMavenBuild.TNG_002 -->
