<?xml version="1.0" encoding="UTF-8"?>
<!-- Generated by org.testng.reporters.JUnitReportReporter -->
<testsuite skipped="0" hostname="DESKTOP-27L8JE7" name="com.project.April6PMMavenBuild.TNG_002" tests="1" failures="0" timestamp="08 May 2021 13:08:09 GMT" time="58.041" errors="0">
  <testcase name="amazon" time="58.041" classname="com.project.April6PMMavenBuild.TNG_002"/>
</testsuite> <!-- com.project.April6PMMavenBuild.TNG_002 -->
