<?xml version="1.0" encoding="UTF-8"?>
<!-- Generated by org.testng.reporters.JUnitReportReporter -->
<testsuite skipped="0" hostname="DESKTOP-27L8JE7" name="com.project.April6PMMavenBuild.RadioButton1" tests="2" failures="0" timestamp="24 Apr 2021 12:46:39 GMT" time="72.187" errors="0">
  <testcase name="radioButtonTest" time="48.941" classname="com.project.April6PMMavenBuild.RadioButton1"/>
  <testcase name="radioButtonTest" time="23.246" classname="com.project.April6PMMavenBuild.RadioButton1"/>
</testsuite> <!-- com.project.April6PMMavenBuild.RadioButton1 -->
