<?xml version="1.0" encoding="UTF-8"?>
<!-- Generated by org.testng.reporters.JUnitReportReporter -->
<testsuite skipped="0" hostname="DESKTOP-27L8JE7" name="com.project.April6PMMavenBuild.CheckBox1" tests="2" failures="0" timestamp="24 Apr 2021 12:46:39 GMT" time="47.467" errors="0">
  <testcase name="checkboxTest" time="20.734" classname="com.project.April6PMMavenBuild.CheckBox1"/>
  <testcase name="checkboxTest" time="26.733" classname="com.project.April6PMMavenBuild.CheckBox1"/>
</testsuite> <!-- com.project.April6PMMavenBuild.CheckBox1 -->
