<?xml version="1.0" encoding="UTF-8"?>
<!-- Generated by org.testng.reporters.JUnitReportReporter -->
<testsuite skipped="0" hostname="DESKTOP-27L8JE7" name="com.project.JuneCRMProject.suitea.TestA" tests="1" failures="0" timestamp="2021-06-09T17:12:40 IST" time="0.020" errors="0">
  <testcase name="f" time="0.020" classname="com.project.JuneCRMProject.suitea.TestA"/>
  <system-out/>
</testsuite> <!-- com.project.JuneCRMProject.suitea.TestA -->
