<?xml version="1.0" encoding="UTF-8"?>
<!-- Generated by org.testng.reporters.JUnitReportReporter -->
<testsuite skipped="1" hostname="DESKTOP-27L8JE7" name="com.project.JuneCRMProject.suitea.LoginTest" tests="2" failures="0" timestamp="2021-06-11T18:13:45 IST" time="0.050" errors="0">
  <testcase name="f" time="0.034" classname="com.project.JuneCRMProject.suitea.LoginTest"/>
  <system-out/>
  <testcase name="f" time="0.016" classname="com.project.JuneCRMProject.suitea.LoginTest">
    <skipped/>
  </testcase> <!-- f -->
  <system-out/>
</testsuite> <!-- com.project.JuneCRMProject.suitea.LoginTest -->
