<?xml version="1.0" encoding="UTF-8"?>
<!-- Generated by org.testng.reporters.JUnitReportReporter -->
<testsuite skipped="0" hostname="DESKTOP-27L8JE7" name="com.project.JuneCRMProject.suitea.LoginTest" tests="1" failures="0" timestamp="2021-06-09T18:16:35 IST" time="0.016" errors="0">
  <testcase name="f" time="0.016" classname="com.project.JuneCRMProject.suitea.LoginTest"/>
  <system-out/>
</testsuite> <!-- com.project.JuneCRMProject.suitea.LoginTest -->
