<?xml version="1.0" encoding="UTF-8"?>
<!-- Generated by org.testng.reporters.JUnitReportReporter -->
<testsuite skipped="1" hostname="DESKTOP-27L8JE7" name="com.project.JuneCRMProject.suitea.LoginTest" tests="2" failures="0" timestamp="2021-06-14T18:16:38 IST" time="44.418" errors="0">
  <testcase name="f" time="44.411" classname="com.project.JuneCRMProject.suitea.LoginTest"/>
  <system-out/>
  <testcase name="f" time="0.007" classname="com.project.JuneCRMProject.suitea.LoginTest">
    <skipped/>
  </testcase> <!-- f -->
  <system-out/>
</testsuite> <!-- com.project.JuneCRMProject.suitea.LoginTest -->
