<?xml version="1.0" encoding="UTF-8"?>
<!-- Generated by org.testng.reporters.JUnitReportReporter -->
<testsuite skipped="1" hostname="DESKTOP-27L8JE7" name="com.project.JuneCRMProject.suitea.LoginTest" tests="2" failures="0" timestamp="2021-06-15T17:37:41 IST" time="45.917" errors="0">
  <testcase name="f" time="0.003" classname="com.project.JuneCRMProject.suitea.LoginTest">
    <skipped/>
  </testcase> <!-- f -->
  <system-out/>
  <testcase name="f" time="45.914" classname="com.project.JuneCRMProject.suitea.LoginTest"/>
  <system-out/>
</testsuite> <!-- com.project.JuneCRMProject.suitea.LoginTest -->
